{"numFailedTestSuites":1,"numFailedTests":1,"numPassedTestSuites":11,"numPassedTests":53,"numPendingTestSuites":0,"numPendingTests":0,"numRuntimeErrorTestSuites":0,"numTodoTests":0,"numTotalTestSuites":12,"numTotalTests":54,"openHandles":[],"snapshot":{"added":0,"didUpdate":false,"failure":false,"filesAdded":0,"filesRemoved":0,"filesRemovedList":[],"filesUnmatched":0,"filesUpdated":0,"matched":0,"total":0,"unchecked":0,"uncheckedKeysByFile":[],"unmatched":0,"updated":0},"startTime":1776983862672,"success":false,"testResults":[{"assertionResults":[{"ancestorTitles":["ApplicationProgress"],"failureMessages":["TestingLibraryElementError: Unable to find an element with the text: /add\\..*support/i. This could be because the text is broken up by multiple elements. In this case, you can provide a function for your text matcher to make your matcher more flexible.\n\nIgnored nodes: comments, script, style\n\u001b[36m<body>\u001b[39m\n  \u001b[36m<div>\u001b[39m\n    \u001b[36m<nav\u001b[39m\n      \u001b[33maria-label\u001b[39m=\u001b[32m\"Application steps\"\u001b[39m\n    \u001b[36m>\u001b[39m\n      \u001b[36m<ol\u001b[39m\n        \u001b[33mclass\u001b[39m=\u001b[32m\"stepper\"\u001b[39m\n      \u001b[36m>\u001b[39m\n        \u001b[36m<li\u001b[39m\n          \u001b[33maria-current\u001b[39m=\u001b[32m\"step\"\u001b[39m\n          \u001b[33mclass\u001b[39m=\u001b[32m\"stepper__item stepper__item--current\"\u001b[39m\n        \u001b[36m>\u001b[39m\n          \u001b[36m<button\u001b[39m\n            \u001b[33maria-label\u001b[39m=\u001b[32m\"Student Info - current step\"\u001b[39m\n            \u001b[33mclass\u001b[39m=\u001b[32m\"stepper__button\"\u001b[39m\n            \u001b[33mtype\u001b[39m=\u001b[32m\"button\"\u001b[39m\n          \u001b[36m>\u001b[39m\n            \u001b[36m<div\u001b[39m\n              \u001b[33maria-hidden\u001b[39m=\u001b[32m\"true\"\u001b[39m\n              \u001b[33mclass\u001b[39m=\u001b[32m\"stepper__dot\"\u001b[39m\n            \u001b[36m>\u001b[39m\n              \u001b[0m1\u001b[0m\n            \u001b[36m</div>\u001b[39m\n            \u001b[36m<span\u001b[39m\n              \u001b[33mclass\u001b[39m=\u001b[32m\"stepper__label\"\u001b[39m\n            \u001b[36m>\u001b[39m\n              \u001b[0mStudent Info\u001b[0m\n            \u001b[36m</span>\u001b[39m\n          \u001b[36m</button>\u001b[39m\n        \u001b[36m</li>\u001b[39m\n        \u001b[36m<li\u001b[39m\n          \u001b[33mclass\u001b[39m=\u001b[32m\"stepper__item\"\u001b[39m\n        \u001b[36m>\u001b[39m\n          \u001b[36m<button\u001b[39m\n            \u001b[33maria-label\u001b[39m=\u001b[32m\"Health\"\u001b[39m\n            \u001b[33mclass\u001b[39m=\u001b[32m\"stepper__button\"\u001b[39m\n            \u001b[33mdisabled\u001b[39m=\u001b[32m\"\"\u001b[39m\n            \u001b[33mtype\u001b[39m=\u001b[32m\"button\"\u001b[39m\n          \u001b[36m>\u001b[39m\n            \u001b[36m<div\u001b[39m\n              \u001b[33maria-hidden\u001b[39m=\u001b[32m\"true\"\u001b[39m\n              \u001b[33mclass\u001b[39m=\u001b[32m\"stepper__dot\"\u001b[39m\n            \u001b[36m>\u001b[39m\n              \u001b[0m2\u001b[0m\n            \u001b[36m</div>\u001b[39m\n            \u001b[36m<span\u001b[39m\n              \u001b[33mclass\u001b[39m=\u001b[32m\"stepper__label\"\u001b[39m\n            \u001b[36m>\u001b[39m\n              \u001b[0mHealth\u001b[0m\n            \u001b[36m</span>\u001b[39m\n          \u001b[36m</button>\u001b[39m\n        \u001b[36m</li>\u001b[39m\n        \u001b[36m<li\u001b[39m\n          \u001b[33mclass\u001b[39m=\u001b[32m\"stepper__item\"\u001b[39m\n        \u001b[36m>\u001b[39m\n          \u001b[36m<button\u001b[39m\n            \u001b[33maria-label\u001b[39m=\u001b[32m\"Parent Info\"\u001b[39m\n            \u001b[33mclass\u001b[39m=\u001b[32m\"stepper__button\"\u001b[39m\n            \u001b[33mdisabled\u001b[39m=\u001b[32m\"\"\u001b[39m\n            \u001b[33mtype\u001b[39m=\u001b[32m\"button\"\u001b[39m\n          \u001b[36m>\u001b[39m\n            \u001b[36m<div\u001b[39m\n              \u001b[33maria-hidden\u001b[39m=\u001b[32m\"true\"\u001b[39m\n              \u001b[33mclass\u001b[39m=\u001b[32m\"stepper__dot\"\u001b[39m\n            \u001b[36m>\u001b[39m\n              \u001b[0m3\u001b[0m\n            \u001b[36m</div>\u001b[39m\n            \u001b[36m<span\u001b[39m\n              \u001b[33mclass\u001b[39m=\u001b[32m\"stepper__label\"\u001b[39m\n            \u001b[36m>\u001b[39m\n              \u001b[0mParent Info\u001b[0m\n            \u001b[36m</span>\u001b[39m\n          \u001b[36m</button>\u001b[39m\n        \u001b[36m</li>\u001b[39m\n        \u001b[36m<li\u001b[39m\n          \u001b[33mclass\u001b[39m=\u001b[32m\"stepper__item\"\u001b[39m\n        \u001b[36m>\u001b[39m\n          \u001b[36m<button\u001b[39m\n            \u001b[33maria-label\u001b[39m=\u001b[32m\"Support\"\u001b[39m\n            \u001b[33mclass\u001b[39m=\u001b[32m\"stepper__button\"\u001b[39m\n            \u001b[33mdisabled\u001b[39m=\u001b[32m\"\"\u001b[39m\n            \u001b[33mtype\u001b[39m=\u001b[32m\"button\"\u001b[39m\n          \u001b[36m>\u001b[39m\n            \u001b[36m<div\u001b[39m\n              \u001b[33maria-hidden\u001b[39m=\u001b[32m\"true\"\u001b[39m\n              \u001b[33mclass\u001b[39m=\u001b[32m\"stepper__dot\"\u001b[39m\n            \u001b[36m>\u001b[39m\n              \u001b[0m4\u001b[0m\n            \u001b[36m</div>\u001b[39m\n            \u001b[36m<span\u001b[39m\n              \u001b[33mclass\u001b[39m=\u001b[32m\"stepper__label\"\u001b[39m\n            \u001b[36m>\u001b[39m\n              \u001b[0mSupport\u001b[0m\n            \u001b[36m</span>\u001b[39m\n          \u001b[36m</button>\u001b[39m\n        \u001b[36m</li>\u001b[39m\n        \u001b[36m<li\u001b[39m\n          \u001b[33mclass\u001b[39m=\u001b[32m\"stepper__item\"\u001b[39m\n        \u001b[36m>\u001b[39m\n          \u001b[36m<button\u001b[39m\n            \u001b[33maria-label\u001b[39m=\u001b[32m\"Questionnaire\"\u001b[39m\n            \u001b[33mclass\u001b[39m=\u001b[32m\"stepper__button\"\u001b[39m\n            \u001b[33mdisabled\u001b[39m=\u001b[32m\"\"\u001b[39m\n            \u001b[33mtype\u001b[39m=\u001b[32m\"button\"\u001b[39m\n          \u001b[36m>\u001b[39m\n            \u001b[36m<div\u001b[39m\n              \u001b[33maria-hidden\u001b[39m=\u001b[32m\"true\"\u001b[39m\n              \u001b[33mclass\u001b[39m=\u001b[32m\"stepper__dot\"\u001b[39m\n            \u001b[36m>\u001b[39m\n              \u001b[0m5\u001b[0m\n            \u001b[36m</div>\u001b[39m\n            \u001b[36m<span\u001b[39m\n              \u001b[33mclass\u001b[39m=\u001b[32m\"stepper__label\"\u001b[39m\n            \u001b[36m>\u001b[39m\n              \u001b[0mQuestionnaire\u001b[0m\n            \u001b[36m</span>\u001b[39m\n          \u001b[36m</button>\u001b[39m\n        \u001b[36m</li>\u001b[39m\n        \u001b[36m<li\u001b[39m\n          \u001b[33mclass\u001b[39m=\u001b[32m\"stepper__item\"\u001b[39m\n        \u001b[36m>\u001b[39m\n          \u001b[36m<button\u001b[39m\n            \u001b[33maria-label\u001b[39m=\u001b[32m\"Commitment\"\u001b[39m\n            \u001b[33mclass\u001b[39m=\u001b[32m\"stepper__button\"\u001b[39m\n            \u001b[33mdisabled\u001b[39m=\u001b[32m\"\"\u001b[39m\n            \u001b[33mtype\u001b[39m=\u001b[32m\"button\"\u001b[39m\n          \u001b[36m>\u001b[39m\n            \u001b[36m<div\u001b[39m\n              \u001b[33maria-hidden\u001b[39m=\u001b[32m\"true\"\u001b[39m\n              \u001b[33mclass\u001b[39m=\u001b[32m\"stepper__dot\"\u001b[39m\n            \u001b[36m>\u001b[39m\n              \u001b[0m6\u001b[0m\n            \u001b[36m</div>\u001b[39m\n            \u001b[36m<span\u001b[39m\n              \u001b[33mclass\u001b[39m=\u001b[32m\"stepper__label\"\u001b[39m\n            \u001b[36m>\u001b[39m\n              \u001b[0mCommitment\u001b[0m\n            \u001b[36m</span>\u001b[39m\n          \u001b[36m</button>\u001b[39m\n        \u001b[36m</li>\u001b[39m\n      \u001b[36m</ol>\u001b[39m\n    \u001b[36m</nav>\u001b[39m\n  \u001b[36m</div>\u001b[39m\n\u001b[36m</body>\u001b[39m\n    at Object.getElementError (C:\\Users\\roland\\Code\\mennotech\\newschool-apply\\frontend\\node_modules\\@testing-library\\react\\node_modules\\@testing-library\\dom\\dist\\config.js:37:19)\n    at C:\\Users\\roland\\Code\\mennotech\\newschool-apply\\frontend\\node_modules\\@testing-library\\react\\node_modules\\@testing-library\\dom\\dist\\query-helpers.js:76:38\n    at C:\\Users\\roland\\Code\\mennotech\\newschool-apply\\frontend\\node_modules\\@testing-library\\react\\node_modules\\@testing-library\\dom\\dist\\query-helpers.js:52:17\n    at getByText (C:\\Users\\roland\\Code\\mennotech\\newschool-apply\\frontend\\node_modules\\@testing-library\\react\\node_modules\\@testing-library\\dom\\dist\\query-helpers.js:95:19)\n    at Object.<anonymous> (C:\\Users\\roland\\Code\\mennotech\\newschool-apply\\frontend\\src\\components\\ApplicationProgress.test.js:14:19)\n    at Promise.then.completed (C:\\Users\\roland\\Code\\mennotech\\newschool-apply\\frontend\\node_modules\\jest-circus\\build\\utils.js:391:28)\n    at new Promise (<anonymous>)\n    at callAsyncCircusFn (C:\\Users\\roland\\Code\\mennotech\\newschool-apply\\frontend\\node_modules\\jest-circus\\build\\utils.js:316:10)\n    at _callCircusTest (C:\\Users\\roland\\Code\\mennotech\\newschool-apply\\frontend\\node_modules\\jest-circus\\build\\run.js:218:40)\n    at processTicksAndRejections (node:internal/process/task_queues:104:5)\n    at _runTest (C:\\Users\\roland\\Code\\mennotech\\newschool-apply\\frontend\\node_modules\\jest-circus\\build\\run.js:155:3)\n    at _runTestsForDescribeBlock (C:\\Users\\roland\\Code\\mennotech\\newschool-apply\\frontend\\node_modules\\jest-circus\\build\\run.js:66:9)\n    at _runTestsForDescribeBlock (C:\\Users\\roland\\Code\\mennotech\\newschool-apply\\frontend\\node_modules\\jest-circus\\build\\run.js:60:9)\n    at run (C:\\Users\\roland\\Code\\mennotech\\newschool-apply\\frontend\\node_modules\\jest-circus\\build\\run.js:25:3)\n    at runAndTransformResultsToJestFormat (C:\\Users\\roland\\Code\\mennotech\\newschool-apply\\frontend\\node_modules\\jest-circus\\build\\legacy-code-todo-rewrite\\jestAdapterInit.js:170:21)\n    at jestAdapter (C:\\Users\\roland\\Code\\mennotech\\newschool-apply\\frontend\\node_modules\\jest-circus\\build\\legacy-code-todo-rewrite\\jestAdapter.js:82:19)\n    at runTestInternal (C:\\Users\\roland\\Code\\mennotech\\newschool-apply\\frontend\\node_modules\\jest-runner\\build\\runTest.js:389:16)\n    at runTest (C:\\Users\\roland\\Code\\mennotech\\newschool-apply\\frontend\\node_modules\\jest-runner\\build\\runTest.js:475:34)\n    at Object.worker (C:\\Users\\roland\\Code\\mennotech\\newschool-apply\\frontend\\node_modules\\jest-runner\\build\\testWorker.js:133:12)"],"fullName":"ApplicationProgress renders all step labels","location":null,"status":"failed","title":"renders all step labels"},{"ancestorTitles":["ApplicationProgress"],"failureMessages":[],"fullName":"ApplicationProgress marks the active step with aria-current=\"step\"","location":null,"status":"passed","title":"marks the active step with aria-current=\"step\""},{"ancestorTitles":["ApplicationProgress"],"failureMessages":[],"fullName":"ApplicationProgress marks completed steps with a check indicator","location":null,"status":"passed","title":"marks completed steps with a check indicator"},{"ancestorTitles":["ApplicationProgress"],"failureMessages":[],"fullName":"ApplicationProgress allows clicking steps when jump-around is enabled","location":null,"status":"passed","title":"allows clicking steps when jump-around is enabled"},{"ancestorTitles":["ApplicationProgress"],"failureMessages":[],"fullName":"ApplicationProgress disables later steps when jump-around is not enabled","location":null,"status":"passed","title":"disables later steps when jump-around is not enabled"}],"endTime":1776983866709,"message":"\u001b[1m\u001b[31m  \u001b[1m● \u001b[22m\u001b[1mApplicationProgress › renders all step labels\u001b[39m\u001b[22m\n\n    TestingLibraryElementError: Unable to find an element with the text: /add\\..*support/i. This could be because the text is broken up by multiple elements. In this case, you can provide a function for your text matcher to make your matcher more flexible.\n\n    Ignored nodes: comments, script, style\n    \u001b[36m<body>\u001b[39m\n      \u001b[36m<div>\u001b[39m\n        \u001b[36m<nav\u001b[39m\n          \u001b[33maria-label\u001b[39m=\u001b[32m\"Application steps\"\u001b[39m\n        \u001b[36m>\u001b[39m\n          \u001b[36m<ol\u001b[39m\n            \u001b[33mclass\u001b[39m=\u001b[32m\"stepper\"\u001b[39m\n          \u001b[36m>\u001b[39m\n            \u001b[36m<li\u001b[39m\n              \u001b[33maria-current\u001b[39m=\u001b[32m\"step\"\u001b[39m\n              \u001b[33mclass\u001b[39m=\u001b[32m\"stepper__item stepper__item--current\"\u001b[39m\n            \u001b[36m>\u001b[39m\n              \u001b[36m<button\u001b[39m\n                \u001b[33maria-label\u001b[39m=\u001b[32m\"Student Info - current step\"\u001b[39m\n                \u001b[33mclass\u001b[39m=\u001b[32m\"stepper__button\"\u001b[39m\n                \u001b[33mtype\u001b[39m=\u001b[32m\"button\"\u001b[39m\n              \u001b[36m>\u001b[39m\n                \u001b[36m<div\u001b[39m\n                  \u001b[33maria-hidden\u001b[39m=\u001b[32m\"true\"\u001b[39m\n                  \u001b[33mclass\u001b[39m=\u001b[32m\"stepper__dot\"\u001b[39m\n                \u001b[36m>\u001b[39m\n                  \u001b[0m1\u001b[0m\n                \u001b[36m</div>\u001b[39m\n                \u001b[36m<span\u001b[39m\n                  \u001b[33mclass\u001b[39m=\u001b[32m\"stepper__label\"\u001b[39m\n                \u001b[36m>\u001b[39m\n                  \u001b[0mStudent Info\u001b[0m\n                \u001b[36m</span>\u001b[39m\n              \u001b[36m</button>\u001b[39m\n            \u001b[36m</li>\u001b[39m\n            \u001b[36m<li\u001b[39m\n              \u001b[33mclass\u001b[39m=\u001b[32m\"stepper__item\"\u001b[39m\n            \u001b[36m>\u001b[39m\n              \u001b[36m<button\u001b[39m\n                \u001b[33maria-label\u001b[39m=\u001b[32m\"Health\"\u001b[39m\n                \u001b[33mclass\u001b[39m=\u001b[32m\"stepper__button\"\u001b[39m\n                \u001b[33mdisabled\u001b[39m=\u001b[32m\"\"\u001b[39m\n                \u001b[33mtype\u001b[39m=\u001b[32m\"button\"\u001b[39m\n              \u001b[36m>\u001b[39m\n                \u001b[36m<div\u001b[39m\n                  \u001b[33maria-hidden\u001b[39m=\u001b[32m\"true\"\u001b[39m\n                  \u001b[33mclass\u001b[39m=\u001b[32m\"stepper__dot\"\u001b[39m\n                \u001b[36m>\u001b[39m\n                  \u001b[0m2\u001b[0m\n                \u001b[36m</div>\u001b[39m\n                \u001b[36m<span\u001b[39m\n                  \u001b[33mclass\u001b[39m=\u001b[32m\"stepper__label\"\u001b[39m\n                \u001b[36m>\u001b[39m\n                  \u001b[0mHealth\u001b[0m\n                \u001b[36m</span>\u001b[39m\n              \u001b[36m</button>\u001b[39m\n            \u001b[36m</li>\u001b[39m\n            \u001b[36m<li\u001b[39m\n              \u001b[33mclass\u001b[39m=\u001b[32m\"stepper__item\"\u001b[39m\n            \u001b[36m>\u001b[39m\n              \u001b[36m<button\u001b[39m\n                \u001b[33maria-label\u001b[39m=\u001b[32m\"Parent Info\"\u001b[39m\n                \u001b[33mclass\u001b[39m=\u001b[32m\"stepper__button\"\u001b[39m\n                \u001b[33mdisabled\u001b[39m=\u001b[32m\"\"\u001b[39m\n                \u001b[33mtype\u001b[39m=\u001b[32m\"button\"\u001b[39m\n              \u001b[36m>\u001b[39m\n                \u001b[36m<div\u001b[39m\n                  \u001b[33maria-hidden\u001b[39m=\u001b[32m\"true\"\u001b[39m\n                  \u001b[33mclass\u001b[39m=\u001b[32m\"stepper__dot\"\u001b[39m\n                \u001b[36m>\u001b[39m\n                  \u001b[0m3\u001b[0m\n                \u001b[36m</div>\u001b[39m\n                \u001b[36m<span\u001b[39m\n                  \u001b[33mclass\u001b[39m=\u001b[32m\"stepper__label\"\u001b[39m\n                \u001b[36m>\u001b[39m\n                  \u001b[0mParent Info\u001b[0m\n                \u001b[36m</span>\u001b[39m\n              \u001b[36m</button>\u001b[39m\n            \u001b[36m</li>\u001b[39m\n            \u001b[36m<li\u001b[39m\n              \u001b[33mclass\u001b[39m=\u001b[32m\"stepper__item\"\u001b[39m\n            \u001b[36m>\u001b[39m\n              \u001b[36m<button\u001b[39m\n                \u001b[33maria-label\u001b[39m=\u001b[32m\"Support\"\u001b[39m\n                \u001b[33mclass\u001b[39m=\u001b[32m\"stepper__button\"\u001b[39m\n                \u001b[33mdisabled\u001b[39m=\u001b[32m\"\"\u001b[39m\n                \u001b[33mtype\u001b[39m=\u001b[32m\"button\"\u001b[39m\n              \u001b[36m>\u001b[39m\n                \u001b[36m<div\u001b[39m\n                  \u001b[33maria-hidden\u001b[39m=\u001b[32m\"true\"\u001b[39m\n                  \u001b[33mclass\u001b[39m=\u001b[32m\"stepper__dot\"\u001b[39m\n                \u001b[36m>\u001b[39m\n                  \u001b[0m4\u001b[0m\n                \u001b[36m</div>\u001b[39m\n                \u001b[36m<span\u001b[39m\n                  \u001b[33mclass\u001b[39m=\u001b[32m\"stepper__label\"\u001b[39m\n                \u001b[36m>\u001b[39m\n                  \u001b[0mSupport\u001b[0m\n                \u001b[36m</span>\u001b[39m\n              \u001b[36m</button>\u001b[39m\n            \u001b[36m</li>\u001b[39m\n            \u001b[36m<li\u001b[39m\n              \u001b[33mclass\u001b[39m=\u001b[32m\"stepper__item\"\u001b[39m\n            \u001b[36m>\u001b[39m\n              \u001b[36m<button\u001b[39m\n                \u001b[33maria-label\u001b[39m=\u001b[32m\"Questionnaire\"\u001b[39m\n                \u001b[33mclass\u001b[39m=\u001b[32m\"stepper__button\"\u001b[39m\n                \u001b[33mdisabled\u001b[39m=\u001b[32m\"\"\u001b[39m\n                \u001b[33mtype\u001b[39m=\u001b[32m\"button\"\u001b[39m\n              \u001b[36m>\u001b[39m\n                \u001b[36m<div\u001b[39m\n                  \u001b[33maria-hidden\u001b[39m=\u001b[32m\"true\"\u001b[39m\n                  \u001b[33mclass\u001b[39m=\u001b[32m\"stepper__dot\"\u001b[39m\n                \u001b[36m>\u001b[39m\n                  \u001b[0m5\u001b[0m\n                \u001b[36m</div>\u001b[39m\n                \u001b[36m<span\u001b[39m\n                  \u001b[33mclass\u001b[39m=\u001b[32m\"stepper__label\"\u001b[39m\n                \u001b[36m>\u001b[39m\n                  \u001b[0mQuestionnaire\u001b[0m\n                \u001b[36m</span>\u001b[39m\n              \u001b[36m</button>\u001b[39m\n            \u001b[36m</li>\u001b[39m\n            \u001b[36m<li\u001b[39m\n              \u001b[33mclass\u001b[39m=\u001b[32m\"stepper__item\"\u001b[39m\n            \u001b[36m>\u001b[39m\n              \u001b[36m<button\u001b[39m\n                \u001b[33maria-label\u001b[39m=\u001b[32m\"Commitment\"\u001b[39m\n                \u001b[33mclass\u001b[39m=\u001b[32m\"stepper__button\"\u001b[39m\n                \u001b[33mdisabled\u001b[39m=\u001b[32m\"\"\u001b[39m\n                \u001b[33mtype\u001b[39m=\u001b[32m\"button\"\u001b[39m\n              \u001b[36m>\u001b[39m\n                \u001b[36m<div\u001b[39m\n                  \u001b[33maria-hidden\u001b[39m=\u001b[32m\"true\"\u001b[39m\n                  \u001b[33mclass\u001b[39m=\u001b[32m\"stepper__dot\"\u001b[39m\n                \u001b[36m>\u001b[39m\n                  \u001b[0m6\u001b[0m\n                \u001b[36m</div>\u001b[39m\n                \u001b[36m<span\u001b[39m\n                  \u001b[33mclass\u001b[39m=\u001b[32m\"stepper__label\"\u001b[39m\n                \u001b[36m>\u001b[39m\n                  \u001b[0mCommitment\u001b[0m\n                \u001b[36m</span>\u001b[39m\n              \u001b[36m</button>\u001b[39m\n            \u001b[36m</li>\u001b[39m\n          \u001b[36m</ol>\u001b[39m\n        \u001b[36m</nav>\u001b[39m\n      \u001b[36m</div>\u001b[39m\n    \u001b[36m</body>\u001b[39m\n\u001b[2m\u001b[22m\n\u001b[2m    \u001b[0m \u001b[90m 12 |\u001b[39m     expect(screen\u001b[33m.\u001b[39mgetByText(\u001b[35m/health/i\u001b[39m))\u001b[33m.\u001b[39mtoBeInTheDocument()\u001b[33m;\u001b[39m\u001b[22m\n\u001b[2m     \u001b[90m 13 |\u001b[39m     expect(screen\u001b[33m.\u001b[39mgetByText(\u001b[35m/parent info/i\u001b[39m))\u001b[33m.\u001b[39mtoBeInTheDocument()\u001b[33m;\u001b[39m\u001b[22m\n\u001b[2m    \u001b[31m\u001b[1m>\u001b[22m\u001b[2m\u001b[39m\u001b[90m 14 |\u001b[39m     expect(screen\u001b[33m.\u001b[39mgetByText(\u001b[35m/add\\..*support/i\u001b[39m))\u001b[33m.\u001b[39mtoBeInTheDocument()\u001b[33m;\u001b[39m\u001b[22m\n\u001b[2m     \u001b[90m    |\u001b[39m                   \u001b[31m\u001b[1m^\u001b[22m\u001b[2m\u001b[39m\u001b[22m\n\u001b[2m     \u001b[90m 15 |\u001b[39m     expect(screen\u001b[33m.\u001b[39mgetByText(\u001b[35m/questionnaire/i\u001b[39m))\u001b[33m.\u001b[39mtoBeInTheDocument()\u001b[33m;\u001b[39m\u001b[22m\n\u001b[2m     \u001b[90m 16 |\u001b[39m     expect(screen\u001b[33m.\u001b[39mgetByText(\u001b[35m/commitment/i\u001b[39m))\u001b[33m.\u001b[39mtoBeInTheDocument()\u001b[33m;\u001b[39m\u001b[22m\n\u001b[2m     \u001b[90m 17 |\u001b[39m   })\u001b[33m;\u001b[39m\u001b[0m\u001b[22m\n\u001b[2m\u001b[22m\n\u001b[2m      \u001b[2mat Object.getElementError (\u001b[22m\u001b[2mnode_modules/@testing-library/react/node_modules/@testing-library/dom/dist/config.js\u001b[2m:37:19)\u001b[22m\u001b[2m\u001b[22m\n\u001b[2m      \u001b[2mat \u001b[22m\u001b[2mnode_modules/@testing-library/react/node_modules/@testing-library/dom/dist/query-helpers.js\u001b[2m:76:38\u001b[22m\u001b[2m\u001b[22m\n\u001b[2m      \u001b[2mat \u001b[22m\u001b[2mnode_modules/@testing-library/react/node_modules/@testing-library/dom/dist/query-helpers.js\u001b[2m:52:17\u001b[22m\u001b[2m\u001b[22m\n\u001b[2m      \u001b[2mat getByText (\u001b[22m\u001b[2mnode_modules/@testing-library/react/node_modules/@testing-library/dom/dist/query-helpers.js\u001b[2m:95:19)\u001b[22m\u001b[2m\u001b[22m\n\u001b[2m      \u001b[2mat Object.<anonymous> (\u001b[22m\u001b[2m\u001b[0m\u001b[36msrc/components/ApplicationProgress.test.js\u001b[39m\u001b[0m\u001b[2m:14:19)\u001b[22m\u001b[2m\u001b[22m\n","name":"C:\\Users\\roland\\Code\\mennotech\\newschool-apply\\frontend\\src\\components\\ApplicationProgress.test.js","startTime":1776983864289,"status":"failed","summary":""},{"assertionResults":[{"ancestorTitles":["ReviewStep"],"failureMessages":[],"fullName":"ReviewStep displays summary of entered data","location":null,"status":"passed","title":"displays summary of entered data"},{"ancestorTitles":["ReviewStep"],"failureMessages":[],"fullName":"ReviewStep calls PATCH on Submit Application click","location":null,"status":"passed","title":"calls PATCH on Submit Application click"},{"ancestorTitles":["ReviewStep"],"failureMessages":[],"fullName":"ReviewStep shows success state after submission","location":null,"status":"passed","title":"shows success state after submission"}],"endTime":1776983867007,"message":"","name":"C:\\Users\\roland\\Code\\mennotech\\newschool-apply\\frontend\\src\\components\\steps\\ReviewStep.test.js","startTime":1776983864290,"status":"passed","summary":""},{"assertionResults":[{"ancestorTitles":["DashboardPage"],"failureMessages":[],"fullName":"DashboardPage shows student name and applying grade for each application card","location":null,"status":"passed","title":"shows student name and applying grade for each application card"},{"ancestorTitles":["DashboardPage"],"failureMessages":[],"fullName":"DashboardPage confirms draft deletion, shows a notice, and removes the card after deletion","location":null,"status":"passed","title":"confirms draft deletion, shows a notice, and removes the card after deletion"}],"endTime":1776983867123,"message":"","name":"C:\\Users\\roland\\Code\\mennotech\\newschool-apply\\frontend\\src\\pages\\DashboardPage.test.js","startTime":1776983864290,"status":"passed","summary":""},{"assertionResults":[{"ancestorTitles":["DocumentsStep"],"failureMessages":[],"fullName":"DocumentsStep shows error for files over 5 MB without uploading","location":null,"status":"passed","title":"shows error for files over 5 MB without uploading"},{"ancestorTitles":["DocumentsStep"],"failureMessages":[],"fullName":"DocumentsStep uploads file and creates document node, then shows the file name","location":null,"status":"passed","title":"uploads file and creates document node, then shows the file name"},{"ancestorTitles":["DocumentsStep"],"failureMessages":[],"fullName":"DocumentsStep shows server error message when file upload fails","location":null,"status":"passed","title":"shows server error message when file upload fails"},{"ancestorTitles":["DocumentsStep"],"failureMessages":[],"fullName":"DocumentsStep shows server error when document node creation fails","location":null,"status":"passed","title":"shows server error when document node creation fails"}],"endTime":1776983867323,"message":"","name":"C:\\Users\\roland\\Code\\mennotech\\newschool-apply\\frontend\\src\\components\\steps\\DocumentsStep.test.js","startTime":1776983864292,"status":"passed","summary":""},{"assertionResults":[{"ancestorTitles":["ProtectedRoute"],"failureMessages":[],"fullName":"ProtectedRoute redirects unauthenticated user to /login","location":null,"status":"passed","title":"redirects unauthenticated user to /login"},{"ancestorTitles":["ProtectedRoute"],"failureMessages":[],"fullName":"ProtectedRoute renders children when user is authenticated","location":null,"status":"passed","title":"renders children when user is authenticated"}],"endTime":1776983867514,"message":"","name":"C:\\Users\\roland\\Code\\mennotech\\newschool-apply\\frontend\\src\\components\\ProtectedRoute.test.js","startTime":1776983867177,"status":"passed","summary":""},{"assertionResults":[{"ancestorTitles":["AdditionalSupportStep"],"failureMessages":[],"fullName":"AdditionalSupportStep requires review confirmation before continuing","location":null,"status":"passed","title":"requires review confirmation before continuing"},{"ancestorTitles":["AdditionalSupportStep"],"failureMessages":[],"fullName":"AdditionalSupportStep allows continuing once review confirmation is checked","location":null,"status":"passed","title":"allows continuing once review confirmation is checked"}],"endTime":1776983867631,"message":"","name":"C:\\Users\\roland\\Code\\mennotech\\newschool-apply\\frontend\\src\\components\\steps\\AdditionalSupportStep.test.js","startTime":1776983867049,"status":"passed","summary":""},{"assertionResults":[{"ancestorTitles":["CommitmentStep"],"failureMessages":[],"fullName":"CommitmentStep shows an in-app warning modal when required sections are incomplete","location":null,"status":"passed","title":"shows an in-app warning modal when required sections are incomplete"},{"ancestorTitles":["CommitmentStep"],"failureMessages":[],"fullName":"CommitmentStep shows signature validation when all required sections are complete but signature is missing","location":null,"status":"passed","title":"shows signature validation when all required sections are complete but signature is missing"}],"endTime":1776983867633,"message":"","name":"C:\\Users\\roland\\Code\\mennotech\\newschool-apply\\frontend\\src\\components\\steps\\CommitmentStep.test.js","startTime":1776983866950,"status":"passed","summary":""},{"assertionResults":[{"ancestorTitles":["drupalClient","get"],"failureMessages":[],"fullName":"drupalClient get sends a GET request with credentials include and Accept header","location":null,"status":"passed","title":"sends a GET request with credentials include and Accept header"},{"ancestorTitles":["drupalClient","get"],"failureMessages":[],"fullName":"drupalClient get throws on non-OK response","location":null,"status":"passed","title":"throws on non-OK response"},{"ancestorTitles":["drupalClient","post"],"failureMessages":[],"fullName":"drupalClient post fetches CSRF token before sending POST","location":null,"status":"passed","title":"fetches CSRF token before sending POST"},{"ancestorTitles":["drupalClient","post"],"failureMessages":[],"fullName":"drupalClient post sends X-CSRF-Token header on POST","location":null,"status":"passed","title":"sends X-CSRF-Token header on POST"},{"ancestorTitles":["drupalClient","patch"],"failureMessages":[],"fullName":"drupalClient patch fetches CSRF token before sending PATCH","location":null,"status":"passed","title":"fetches CSRF token before sending PATCH"},{"ancestorTitles":["drupalClient","patch"],"failureMessages":[],"fullName":"drupalClient patch reads base URL from REACT_APP_DRUPAL_BASE_URL","location":null,"status":"passed","title":"reads base URL from REACT_APP_DRUPAL_BASE_URL"},{"ancestorTitles":["drupalClient","getLoginStatus"],"failureMessages":[],"fullName":"drupalClient getLoginStatus returns true when Drupal responds with 1","location":null,"status":"passed","title":"returns true when Drupal responds with 1"},{"ancestorTitles":["drupalClient","getLoginStatus"],"failureMessages":[],"fullName":"drupalClient getLoginStatus returns false when Drupal responds with 0","location":null,"status":"passed","title":"returns false when Drupal responds with 0"},{"ancestorTitles":["drupalClient","getLogoutToken"],"failureMessages":[],"fullName":"drupalClient getLogoutToken extracts logout token from authenticated HTML","location":null,"status":"passed","title":"extracts logout token from authenticated HTML"},{"ancestorTitles":["drupalClient","logout"],"failureMessages":[],"fullName":"drupalClient logout uses tokenized GET logout route when logout token exists","location":null,"status":"passed","title":"uses tokenized GET logout route when logout token exists"},{"ancestorTitles":["drupalClient","logout"],"failureMessages":[],"fullName":"drupalClient logout falls back to CSRF-protected POST when GET logout fails","location":null,"status":"passed","title":"falls back to CSRF-protected POST when GET logout fails"}],"endTime":1776983867685,"message":"","name":"C:\\Users\\roland\\Code\\mennotech\\newschool-apply\\frontend\\src\\api\\drupalClient.test.js","startTime":1776983867377,"status":"passed","summary":""},{"assertionResults":[{"ancestorTitles":["authSlice logout handling"],"failureMessages":[],"fullName":"authSlice logout handling clears local auth state only when logout succeeds","location":null,"status":"passed","title":"clears local auth state only when logout succeeds"},{"ancestorTitles":["authSlice logout handling"],"failureMessages":[],"fullName":"authSlice logout handling preserves local auth state when logout fails","location":null,"status":"passed","title":"preserves local auth state when logout fails"}],"endTime":1776983867744,"message":"","name":"C:\\Users\\roland\\Code\\mennotech\\newschool-apply\\frontend\\src\\store\\slices\\authSlice.test.js","startTime":1776983867530,"status":"passed","summary":""},{"assertionResults":[{"ancestorTitles":["LoginPage"],"failureMessages":[],"fullName":"LoginPage renders the email/password form","location":null,"status":"passed","title":"renders the email/password form"},{"ancestorTitles":["LoginPage"],"failureMessages":[],"fullName":"LoginPage renders Google and Microsoft login links","location":null,"status":"passed","title":"renders Google and Microsoft login links"},{"ancestorTitles":["LoginPage"],"failureMessages":[],"fullName":"LoginPage redirects to /dashboard after successful login","location":null,"status":"passed","title":"redirects to /dashboard after successful login"},{"ancestorTitles":["LoginPage"],"failureMessages":[],"fullName":"LoginPage shows an error message on 403","location":null,"status":"passed","title":"shows an error message on 403"}],"endTime":1776983868304,"message":"","name":"C:\\Users\\roland\\Code\\mennotech\\newschool-apply\\frontend\\src\\pages\\LoginPage.test.js","startTime":1776983864289,"status":"passed","summary":""},{"assertionResults":[{"ancestorTitles":["StudentInfoStep"],"failureMessages":[],"fullName":"StudentInfoStep shows validation errors when required fields are empty","location":null,"status":"passed","title":"shows validation errors when required fields are empty"},{"ancestorTitles":["StudentInfoStep"],"failureMessages":[],"fullName":"StudentInfoStep calls post with correct payload on valid submission","location":null,"status":"passed","title":"calls post with correct payload on valid submission"},{"ancestorTitles":["StudentInfoStep"],"failureMessages":[],"fullName":"StudentInfoStep requires mailing address fields only when mailing address differs is yes","location":null,"status":"passed","title":"requires mailing address fields only when mailing address differs is yes"}],"endTime":1776983869035,"message":"","name":"C:\\Users\\roland\\Code\\mennotech\\newschool-apply\\frontend\\src\\components\\steps\\StudentInfoStep.test.js","startTime":1776983864294,"status":"passed","summary":""},{"assertionResults":[{"ancestorTitles":["ApplicationPage","Step 1 — Student Information"],"failureMessages":[],"fullName":"ApplicationPage Step 1 — Student Information renders the student info form","location":null,"status":"passed","title":"renders the student info form"},{"ancestorTitles":["ApplicationPage","Step 1 — Student Information"],"failureMessages":[],"fullName":"ApplicationPage Step 1 — Student Information shows validation errors when submitting empty form","location":null,"status":"passed","title":"shows validation errors when submitting empty form"},{"ancestorTitles":["ApplicationPage","Step 1 — Student Information"],"failureMessages":[],"fullName":"ApplicationPage Step 1 — Student Information advances to Health Information step after valid submission","location":null,"status":"passed","title":"advances to Health Information step after valid submission"},{"ancestorTitles":["ApplicationPage","Step 1 — Student Information"],"failureMessages":[],"fullName":"ApplicationPage Step 1 — Student Information restores student information values when navigating back from Health Information","location":null,"status":"passed","title":"restores student information values when navigating back from Health Information"},{"ancestorTitles":["ApplicationPage","Step 2 — Health Information"],"failureMessages":[],"fullName":"ApplicationPage Step 2 — Health Information renders the health information form","location":null,"status":"passed","title":"renders the health information form"},{"ancestorTitles":["ApplicationPage","Step 2 — Health Information"],"failureMessages":[],"fullName":"ApplicationPage Step 2 — Health Information shows validation errors when required fields are empty","location":null,"status":"passed","title":"shows validation errors when required fields are empty"},{"ancestorTitles":["ApplicationPage","Step 6 — Statement of Commitment"],"failureMessages":[],"fullName":"ApplicationPage Step 6 — Statement of Commitment renders the commitment step with signature canvas","location":null,"status":"passed","title":"renders the commitment step with signature canvas"},{"ancestorTitles":["ApplicationPage","Resume and autosave"],"failureMessages":[],"fullName":"ApplicationPage Resume and autosave creates a draft and autosaves on step 1 blur for a brand new application","location":null,"status":"passed","title":"creates a draft and autosaves on step 1 blur for a brand new application"},{"ancestorTitles":["ApplicationPage","Resume and autosave"],"failureMessages":[],"fullName":"ApplicationPage Resume and autosave creates address nodes and links them on student info submit","location":null,"status":"passed","title":"creates address nodes and links them on student info submit"},{"ancestorTitles":["ApplicationPage","Resume and autosave"],"failureMessages":[],"fullName":"ApplicationPage Resume and autosave fetches and hydrates step data when resuming a draft","location":null,"status":"passed","title":"fetches and hydrates step data when resuming a draft"},{"ancestorTitles":["ApplicationPage","Resume and autosave"],"failureMessages":[],"fullName":"ApplicationPage Resume and autosave autosaves a field on blur when an application is active","location":null,"status":"passed","title":"autosaves a field on blur when an application is active"},{"ancestorTitles":["ApplicationPage","Resume and autosave"],"failureMessages":[],"fullName":"ApplicationPage Resume and autosave allows jumping to later steps from top buttons after student info is complete","location":null,"status":"passed","title":"allows jumping to later steps from top buttons after student info is complete"},{"ancestorTitles":["ApplicationPage","Resume and autosave"],"failureMessages":[],"fullName":"ApplicationPage Resume and autosave shows student info as completed after hydration from Drupal","location":null,"status":"passed","title":"shows student info as completed after hydration from Drupal"},{"ancestorTitles":["ApplicationPage","Resume and autosave"],"failureMessages":[],"fullName":"ApplicationPage Resume and autosave creates guardian address nodes and links them on parent info submit","location":null,"status":"passed","title":"creates guardian address nodes and links them on parent info submit"}],"endTime":1776983875597,"message":"","name":"C:\\Users\\roland\\Code\\mennotech\\newschool-apply\\frontend\\src\\pages\\ApplicationPage.test.js","startTime":1776983864295,"status":"passed","summary":""}],"wasInterrupted":false}