{"numFailedTestSuites":1,"numFailedTests":1,"numPassedTestSuites":7,"numPassedTests":29,"numPendingTestSuites":0,"numPendingTests":0,"numRuntimeErrorTestSuites":0,"numTodoTests":0,"numTotalTestSuites":8,"numTotalTests":30,"openHandles":[],"snapshot":{"added":0,"didUpdate":false,"failure":false,"filesAdded":0,"filesRemoved":0,"filesRemovedList":[],"filesUnmatched":0,"filesUpdated":0,"matched":0,"total":0,"unchecked":0,"uncheckedKeysByFile":[],"unmatched":0,"updated":0},"startTime":1776950042318,"success":false,"testResults":[{"assertionResults":[{"ancestorTitles":["ApplicationProgress"],"failureMessages":[],"fullName":"ApplicationProgress renders all step labels","location":null,"status":"passed","title":"renders all step labels"},{"ancestorTitles":["ApplicationProgress"],"failureMessages":[],"fullName":"ApplicationProgress marks the active step with aria-current=\"step\"","location":null,"status":"passed","title":"marks the active step with aria-current=\"step\""},{"ancestorTitles":["ApplicationProgress"],"failureMessages":[],"fullName":"ApplicationProgress marks completed steps with a check indicator","location":null,"status":"passed","title":"marks completed steps with a check indicator"}],"endTime":1776950046555,"message":"","name":"C:\\Users\\roland\\Code\\mennotech\\newschool-apply\\frontend\\src\\components\\ApplicationProgress.test.js","startTime":1776950044095,"status":"passed","summary":""},{"assertionResults":[{"ancestorTitles":["ProtectedRoute"],"failureMessages":[],"fullName":"ProtectedRoute redirects unauthenticated user to /login","location":null,"status":"passed","title":"redirects unauthenticated user to /login"},{"ancestorTitles":["ProtectedRoute"],"failureMessages":[],"fullName":"ProtectedRoute renders children when user is authenticated","location":null,"status":"passed","title":"renders children when user is authenticated"}],"endTime":1776950046728,"message":"","name":"C:\\Users\\roland\\Code\\mennotech\\newschool-apply\\frontend\\src\\components\\ProtectedRoute.test.js","startTime":1776950044017,"status":"passed","summary":""},{"assertionResults":[{"ancestorTitles":["drupalClient","get"],"failureMessages":[],"fullName":"drupalClient get sends a GET request with credentials include and Accept header","location":null,"status":"passed","title":"sends a GET request with credentials include and Accept header"},{"ancestorTitles":["drupalClient","get"],"failureMessages":[],"fullName":"drupalClient get throws on non-OK response","location":null,"status":"passed","title":"throws on non-OK response"},{"ancestorTitles":["drupalClient","post"],"failureMessages":[],"fullName":"drupalClient post fetches CSRF token before sending POST","location":null,"status":"passed","title":"fetches CSRF token before sending POST"},{"ancestorTitles":["drupalClient","post"],"failureMessages":[],"fullName":"drupalClient post sends X-CSRF-Token header on POST","location":null,"status":"passed","title":"sends X-CSRF-Token header on POST"},{"ancestorTitles":["drupalClient","patch"],"failureMessages":[],"fullName":"drupalClient patch fetches CSRF token before sending PATCH","location":null,"status":"passed","title":"fetches CSRF token before sending PATCH"},{"ancestorTitles":["drupalClient","patch"],"failureMessages":[],"fullName":"drupalClient patch reads base URL from REACT_APP_DRUPAL_BASE_URL","location":null,"status":"passed","title":"reads base URL from REACT_APP_DRUPAL_BASE_URL"}],"endTime":1776950046983,"message":"","name":"C:\\Users\\roland\\Code\\mennotech\\newschool-apply\\frontend\\src\\api\\drupalClient.test.js","startTime":1776950046608,"status":"passed","summary":""},{"assertionResults":[{"ancestorTitles":["ReviewStep"],"failureMessages":[],"fullName":"ReviewStep displays summary of entered data","location":null,"status":"passed","title":"displays summary of entered data"},{"ancestorTitles":["ReviewStep"],"failureMessages":[],"fullName":"ReviewStep calls PATCH on Submit Application click","location":null,"status":"passed","title":"calls PATCH on Submit Application click"},{"ancestorTitles":["ReviewStep"],"failureMessages":[],"fullName":"ReviewStep shows success state after submission","location":null,"status":"passed","title":"shows success state after submission"}],"endTime":1776950047171,"message":"","name":"C:\\Users\\roland\\Code\\mennotech\\newschool-apply\\frontend\\src\\components\\steps\\ReviewStep.test.js","startTime":1776950044137,"status":"passed","summary":""},{"assertionResults":[{"ancestorTitles":["LoginPage"],"failureMessages":[],"fullName":"LoginPage renders the email/password form","location":null,"status":"passed","title":"renders the email/password form"},{"ancestorTitles":["LoginPage"],"failureMessages":[],"fullName":"LoginPage renders Google and Microsoft login links","location":null,"status":"passed","title":"renders Google and Microsoft login links"},{"ancestorTitles":["LoginPage"],"failureMessages":[],"fullName":"LoginPage redirects to /dashboard after successful login","location":null,"status":"passed","title":"redirects to /dashboard after successful login"},{"ancestorTitles":["LoginPage"],"failureMessages":[],"fullName":"LoginPage shows an error message on 403","location":null,"status":"passed","title":"shows an error message on 403"}],"endTime":1776950048108,"message":"","name":"C:\\Users\\roland\\Code\\mennotech\\newschool-apply\\frontend\\src\\pages\\LoginPage.test.js","startTime":1776950043868,"status":"passed","summary":""},{"assertionResults":[{"ancestorTitles":["DocumentsStep"],"failureMessages":[],"fullName":"DocumentsStep shows error for files over 5 MB without uploading","location":null,"status":"passed","title":"shows error for files over 5 MB without uploading"},{"ancestorTitles":["DocumentsStep"],"failureMessages":["Error: Unable to find an element with the text: transcript.pdf. This could be because the text is broken up by multiple elements. In this case, you can provide a function for your text matcher to make your matcher more flexible.\n\nIgnored nodes: comments, script, style\n\u001b[36m<body>\u001b[39m\n  \u001b[36m<div>\u001b[39m\n    \u001b[36m<section\u001b[39m\n      \u001b[33maria-labelledby\u001b[39m=\u001b[32m\"documents-heading\"\u001b[39m\n    \u001b[36m>\u001b[39m\n      \u001b[36m<h2\u001b[39m\n        \u001b[33mid\u001b[39m=\u001b[32m\"documents-heading\"\u001b[39m\n        \u001b[33mstyle\u001b[39m=\u001b[32m\"margin-bottom: 0.5rem;\"\u001b[39m\n      \u001b[36m>\u001b[39m\n        \u001b[0mDocuments\u001b[0m\n      \u001b[36m</h2>\u001b[39m\n      \u001b[36m<p\u001b[39m\n        \u001b[33mstyle\u001b[39m=\u001b[32m\"margin-bottom: 1.5rem; font-size: 0.9375rem;\"\u001b[39m\n      \u001b[36m>\u001b[39m\n        \u001b[0mUpload your transcript (PDF, max 5 MB). The server will perform final validation.\u001b[0m\n      \u001b[36m</p>\u001b[39m\n      \u001b[36m<div\u001b[39m\n        \u001b[33mclass\u001b[39m=\u001b[32m\"form-group\"\u001b[39m\n      \u001b[36m>\u001b[39m\n        \u001b[36m<label\u001b[39m\n          \u001b[33mclass\u001b[39m=\u001b[32m\"form-label\"\u001b[39m\n          \u001b[33mfor\u001b[39m=\u001b[32m\"file-upload\"\u001b[39m\n        \u001b[36m>\u001b[39m\n          \u001b[0mSelect file\u001b[0m\n        \u001b[36m</label>\u001b[39m\n        \u001b[36m<input\u001b[39m\n          \u001b[33maccept\u001b[39m=\u001b[32m\".pdf,.doc,.docx,.jpg,.png\"\u001b[39m\n          \u001b[33mclass\u001b[39m=\u001b[32m\"form-input\"\u001b[39m\n          \u001b[33mid\u001b[39m=\u001b[32m\"file-upload\"\u001b[39m\n          \u001b[33mstyle\u001b[39m=\u001b[32m\"padding-top: 0.4375rem; padding-bottom: 0.4375rem; cursor: pointer;\"\u001b[39m\n          \u001b[33mtype\u001b[39m=\u001b[32m\"file\"\u001b[39m\n        \u001b[36m/>\u001b[39m\n      \u001b[36m</div>\u001b[39m\n      \u001b[36m<ul\u001b[39m\n        \u001b[33maria-label\u001b[39m=\u001b[32m\"Uploaded documents\"\u001b[39m\n        \u001b[33mstyle\u001b[39m=\u001b[32m\"list-style: none; padding: 0px; margin: 0px 0px 1.5rem;\"\u001b[39m\n      \u001b[36m>\u001b[39m\n        \u001b[36m<li\u001b[39m\n          \u001b[33mstyle\u001b[39m=\u001b[32m\"display: flex; align-items: center; gap: 0.5rem; padding: 0.625rem 0.875rem; border: 1px solid #bbf7d0; border-radius: var(--radius); margin-bottom: 0.5rem; font-size: 0.9375rem; font-weight: 500;\"\u001b[39m\n        \u001b[36m>\u001b[39m\n          \u001b[0m✓ \u001b[0m\n          \u001b[0mtranscript.pdf\u001b[0m\n        \u001b[36m</li>\u001b[39m\n      \u001b[36m</ul>\u001b[39m\n      \u001b[36m<button\u001b[39m\n        \u001b[33mclass\u001b[39m=\u001b[32m\"btn btn--primary\"\u001b[39m\n        \u001b[33mtype\u001b[39m=\u001b[32m\"button\"\u001b[39m\n      \u001b[36m>\u001b[39m\n        \u001b[0mNext →\u001b[0m\n      \u001b[36m</button>\u001b[39m\n    \u001b[36m</section>\u001b[39m\n  \u001b[36m</div>\u001b[39m\n\u001b[36m</body>\u001b[39m\n    at waitForWrapper (C:\\Users\\roland\\Code\\mennotech\\newschool-apply\\frontend\\node_modules\\@testing-library\\react\\node_modules\\@testing-library\\dom\\dist\\wait-for.js:166:27)\n    at Object.<anonymous> (C:\\Users\\roland\\Code\\mennotech\\newschool-apply\\frontend\\src\\components\\steps\\DocumentsStep.test.js:83:18)"],"fullName":"DocumentsStep uploads file and creates document node, then shows the file name","location":null,"status":"failed","title":"uploads file and creates document node, then shows the file name"},{"ancestorTitles":["DocumentsStep"],"failureMessages":[],"fullName":"DocumentsStep shows server error message when file upload fails","location":null,"status":"passed","title":"shows server error message when file upload fails"},{"ancestorTitles":["DocumentsStep"],"failureMessages":[],"fullName":"DocumentsStep shows server error when document node creation fails","location":null,"status":"passed","title":"shows server error when document node creation fails"}],"endTime":1776950048416,"message":"\u001b[1m\u001b[31m  \u001b[1m● \u001b[22m\u001b[1mDocumentsStep › uploads file and creates document node, then shows the file name\u001b[39m\u001b[22m\n\n    Unable to find an element with the text: transcript.pdf. This could be because the text is broken up by multiple elements. In this case, you can provide a function for your text matcher to make your matcher more flexible.\n\n    Ignored nodes: comments, script, style\n    \u001b[36m<body>\u001b[39m\n      \u001b[36m<div>\u001b[39m\n        \u001b[36m<section\u001b[39m\n          \u001b[33maria-labelledby\u001b[39m=\u001b[32m\"documents-heading\"\u001b[39m\n        \u001b[36m>\u001b[39m\n          \u001b[36m<h2\u001b[39m\n            \u001b[33mid\u001b[39m=\u001b[32m\"documents-heading\"\u001b[39m\n            \u001b[33mstyle\u001b[39m=\u001b[32m\"margin-bottom: 0.5rem;\"\u001b[39m\n          \u001b[36m>\u001b[39m\n            \u001b[0mDocuments\u001b[0m\n          \u001b[36m</h2>\u001b[39m\n          \u001b[36m<p\u001b[39m\n            \u001b[33mstyle\u001b[39m=\u001b[32m\"margin-bottom: 1.5rem; font-size: 0.9375rem;\"\u001b[39m\n          \u001b[36m>\u001b[39m\n            \u001b[0mUpload your transcript (PDF, max 5 MB). The server will perform final validation.\u001b[0m\n          \u001b[36m</p>\u001b[39m\n          \u001b[36m<div\u001b[39m\n            \u001b[33mclass\u001b[39m=\u001b[32m\"form-group\"\u001b[39m\n          \u001b[36m>\u001b[39m\n            \u001b[36m<label\u001b[39m\n              \u001b[33mclass\u001b[39m=\u001b[32m\"form-label\"\u001b[39m\n              \u001b[33mfor\u001b[39m=\u001b[32m\"file-upload\"\u001b[39m\n            \u001b[36m>\u001b[39m\n              \u001b[0mSelect file\u001b[0m\n            \u001b[36m</label>\u001b[39m\n            \u001b[36m<input\u001b[39m\n              \u001b[33maccept\u001b[39m=\u001b[32m\".pdf,.doc,.docx,.jpg,.png\"\u001b[39m\n              \u001b[33mclass\u001b[39m=\u001b[32m\"form-input\"\u001b[39m\n              \u001b[33mid\u001b[39m=\u001b[32m\"file-upload\"\u001b[39m\n              \u001b[33mstyle\u001b[39m=\u001b[32m\"padding-top: 0.4375rem; padding-bottom: 0.4375rem; cursor: pointer;\"\u001b[39m\n              \u001b[33mtype\u001b[39m=\u001b[32m\"file\"\u001b[39m\n            \u001b[36m/>\u001b[39m\n          \u001b[36m</div>\u001b[39m\n          \u001b[36m<ul\u001b[39m\n            \u001b[33maria-label\u001b[39m=\u001b[32m\"Uploaded documents\"\u001b[39m\n            \u001b[33mstyle\u001b[39m=\u001b[32m\"list-style: none; padding: 0px; margin: 0px 0px 1.5rem;\"\u001b[39m\n          \u001b[36m>\u001b[39m\n            \u001b[36m<li\u001b[39m\n              \u001b[33mstyle\u001b[39m=\u001b[32m\"display: flex; align-items: center; gap: 0.5rem; padding: 0.625rem 0.875rem; border: 1px solid #bbf7d0; border-radius: var(--radius); margin-bottom: 0.5rem; font-size: 0.9375rem; font-weight: 500;\"\u001b[39m\n            \u001b[36m>\u001b[39m\n              \u001b[0m✓ \u001b[0m\n              \u001b[0mtranscript.pdf\u001b[0m\n            \u001b[36m</li>\u001b[39m\n          \u001b[36m</ul>\u001b[39m\n          \u001b[36m<button\u001b[39m\n            \u001b[33mclass\u001b[39m=\u001b[32m\"btn btn--primary\"\u001b[39m\n            \u001b[33mtype\u001b[39m=\u001b[32m\"button\"\u001b[39m\n          \u001b[36m>\u001b[39m\n            \u001b[0mNext →\u001b[0m\n          \u001b[36m</button>\u001b[39m\n        \u001b[36m</section>\u001b[39m\n      \u001b[36m</div>\u001b[39m\n    \u001b[36m</body>\u001b[39m\n\u001b[2m\u001b[22m\n\u001b[2m    \u001b[0m \u001b[90m 81 |\u001b[39m     \u001b[36mawait\u001b[39m userEvent\u001b[33m.\u001b[39mupload(input\u001b[33m,\u001b[39m validFile)\u001b[33m;\u001b[39m\u001b[22m\n\u001b[2m     \u001b[90m 82 |\u001b[39m\u001b[22m\n\u001b[2m    \u001b[31m\u001b[1m>\u001b[22m\u001b[2m\u001b[39m\u001b[90m 83 |\u001b[39m     \u001b[36mawait\u001b[39m waitFor(() \u001b[33m=>\u001b[39m\u001b[22m\n\u001b[2m     \u001b[90m    |\u001b[39m                  \u001b[31m\u001b[1m^\u001b[22m\u001b[2m\u001b[39m\u001b[22m\n\u001b[2m     \u001b[90m 84 |\u001b[39m       expect(screen\u001b[33m.\u001b[39mgetByText(\u001b[32m'transcript.pdf'\u001b[39m))\u001b[33m.\u001b[39mtoBeInTheDocument()\u001b[33m,\u001b[39m\u001b[22m\n\u001b[2m     \u001b[90m 85 |\u001b[39m     )\u001b[33m;\u001b[39m\u001b[22m\n\u001b[2m     \u001b[90m 86 |\u001b[39m   })\u001b[33m;\u001b[39m\u001b[0m\u001b[22m\n\u001b[2m\u001b[22m\n\u001b[2m      \u001b[2mat waitForWrapper (\u001b[22m\u001b[2mnode_modules/@testing-library/react/node_modules/@testing-library/dom/dist/wait-for.js\u001b[2m:166:27)\u001b[22m\u001b[2m\u001b[22m\n\u001b[2m      \u001b[2mat Object.<anonymous> (\u001b[22m\u001b[2m\u001b[0m\u001b[36msrc/components/steps/DocumentsStep.test.js\u001b[39m\u001b[0m\u001b[2m:83:18)\u001b[22m\u001b[2m\u001b[22m\n","name":"C:\\Users\\roland\\Code\\mennotech\\newschool-apply\\frontend\\src\\components\\steps\\DocumentsStep.test.js","startTime":1776950043947,"status":"failed","summary":""},{"assertionResults":[{"ancestorTitles":["StudentInfoStep"],"failureMessages":[],"fullName":"StudentInfoStep shows validation errors when required fields are empty","location":null,"status":"passed","title":"shows validation errors when required fields are empty"},{"ancestorTitles":["StudentInfoStep"],"failureMessages":[],"fullName":"StudentInfoStep calls post with correct payload on valid submission","location":null,"status":"passed","title":"calls post with correct payload on valid submission"}],"endTime":1776950049029,"message":"","name":"C:\\Users\\roland\\Code\\mennotech\\newschool-apply\\frontend\\src\\components\\steps\\StudentInfoStep.test.js","startTime":1776950043884,"status":"passed","summary":""},{"assertionResults":[{"ancestorTitles":["ApplicationPage","Step 1 — Student Information"],"failureMessages":[],"fullName":"ApplicationPage Step 1 — Student Information renders the student info form","location":null,"status":"passed","title":"renders the student info form"},{"ancestorTitles":["ApplicationPage","Step 1 — Student Information"],"failureMessages":[],"fullName":"ApplicationPage Step 1 — Student Information shows validation errors when submitting empty form","location":null,"status":"passed","title":"shows validation errors when submitting empty form"},{"ancestorTitles":["ApplicationPage","Step 1 — Student Information"],"failureMessages":[],"fullName":"ApplicationPage Step 1 — Student Information advances to Health Information step after valid submission","location":null,"status":"passed","title":"advances to Health Information step after valid submission"},{"ancestorTitles":["ApplicationPage","Step 2 — Health Information"],"failureMessages":[],"fullName":"ApplicationPage Step 2 — Health Information renders the health information form","location":null,"status":"passed","title":"renders the health information form"},{"ancestorTitles":["ApplicationPage","Step 2 — Health Information"],"failureMessages":[],"fullName":"ApplicationPage Step 2 — Health Information shows validation errors when required fields are empty","location":null,"status":"passed","title":"shows validation errors when required fields are empty"},{"ancestorTitles":["ApplicationPage","Step 6 — Statement of Commitment"],"failureMessages":[],"fullName":"ApplicationPage Step 6 — Statement of Commitment renders the commitment step with signature canvas","location":null,"status":"passed","title":"renders the commitment step with signature canvas"}],"endTime":1776950049573,"message":"","name":"C:\\Users\\roland\\Code\\mennotech\\newschool-apply\\frontend\\src\\pages\\ApplicationPage.test.js","startTime":1776950043994,"status":"passed","summary":""}],"wasInterrupted":false}